<?xml version="1.0" encoding="UTF-8"?>
<!-- Generated by org.testng.reporters.JUnitReportReporter -->
<testsuite hostname="DESKTOP-8PDR25K" failures="0" tests="1" name="testNgMethod.ChronologicalOrderAnnations" time="0.019" errors="0" timestamp="2024-01-26T20:32:48 IST" skipped="0">
  <testcase classname="testNgMethod.ChronologicalOrderAnnations" name="testScript" time="0.019"/>
  <system-out>
test script passed  </system-out>
</testsuite> <!-- testNgMethod.ChronologicalOrderAnnations -->
