<?xml version="1.0" encoding="UTF-8"?>
<!-- Generated by org.testng.reporters.JUnitReportReporter -->
<testsuite hostname="DESKTOP-8PDR25K" failures="0" tests="1" name="testNgMethod.Basic" time="0.014" errors="0" timestamp="2024-01-25T19:22:18 IST" skipped="0">
  <testcase classname="testNgMethod.Basic" name="add" time="0.014"/>
  <system-out>
testNG added to Project  </system-out>
</testsuite> <!-- testNgMethod.Basic -->
