<?xml version="1.0" encoding="UTF-8"?>
<!-- Generated by org.testng.reporters.JUnitReportReporter -->
<testsuite hostname="DESKTOP-8PDR25K" failures="0" tests="1" name="batchExceutation.TS_09" time="81.052" errors="0" timestamp="2024-01-31T20:08:34 IST" skipped="0">
  <testcase classname="batchExceutation.TS_09" name="launchCricbuzz" time="81.052"/>
  <system-out/>
</testsuite> <!-- batchExceutation.TS_09 -->
