<?xml version="1.0" encoding="UTF-8"?>
<!-- Generated by org.testng.reporters.JUnitReportReporter -->
<testsuite hostname="DESKTOP-8PDR25K" failures="0" tests="4" name="testNgMethod.PriorityMethod" time="0.034" errors="0" timestamp="2024-01-25T20:50:57 IST" skipped="0">
  <testcase classname="testNgMethod.PriorityMethod" name="register" time="0.019"/>
  <system-out>
user has login the appln  </system-out>
  <testcase classname="testNgMethod.PriorityMethod" name="account" time="0.006"/>
  <system-out>
user account  </system-out>
  <testcase classname="testNgMethod.PriorityMethod" name="product" time="0.006"/>
  <system-out>
user selected a product  </system-out>
  <testcase classname="testNgMethod.PriorityMethod" name="delect" time="0.003"/>
  <system-out>
user deleted the account  </system-out>
</testsuite> <!-- testNgMethod.PriorityMethod -->
