<?xml version="1.0" encoding="UTF-8"?>
<!-- Generated by org.testng.reporters.JUnitReportReporter -->
<testsuite hostname="DESKTOP-8PDR25K" failures="0" tests="2" name="testNgMethod.HelperAttribute" time="23.746" errors="0" timestamp="2024-01-25T21:01:47 IST" skipped="0">
  <testcase classname="testNgMethod.HelperAttribute" name="LaunchDream11" time="15.555"/>
  <system-out/>
  <testcase classname="testNgMethod.HelperAttribute" name="LaunchDemoWebShop" time="8.191"/>
  <system-out/>
</testsuite> <!-- testNgMethod.HelperAttribute -->
