<?xml version="1.0" encoding="UTF-8"?>
<!-- Generated by org.testng.reporters.JUnitReportReporter -->
<testsuite hostname="DESKTOP-8PDR25K" failures="0" tests="1" name="testNgMethod.DemoWebShop" time="20.651" errors="0" timestamp="2024-01-25T19:29:47 IST" skipped="0">
  <testcase classname="testNgMethod.DemoWebShop" name="LaunchDemoWebShop" time="20.651"/>
  <system-out/>
</testsuite> <!-- testNgMethod.DemoWebShop -->
