<?xml version="1.0" encoding="UTF-8"?>
<!-- Generated by org.testng.reporters.JUnitReportReporter -->
<testsuite hostname="DESKTOP-8PDR25K" failures="0" tests="3" name="testNgMethod.DependsOnMethod" time="0.021" errors="0" timestamp="2024-01-27T17:28:50 IST" skipped="0">
  <testcase classname="testNgMethod.DependsOnMethod" name="login" time="0.003"/>
  <system-out>
user has login  </system-out>
  <testcase classname="testNgMethod.DependsOnMethod" name="logout" time="0.002"/>
  <system-out>
user has logout  </system-out>
  <testcase classname="testNgMethod.DependsOnMethod" name="register" time="0.016"/>
  <system-out>
User has registered  </system-out>
</testsuite> <!-- testNgMethod.DependsOnMethod -->
