<?xml version="1.0" encoding="UTF-8"?>
<!-- Generated by org.testng.reporters.JUnitReportReporter -->
<testsuite hostname="DESKTOP-8PDR25K" failures="0" tests="1" name="batchExceutation.TS_08" time="80.335" errors="0" timestamp="2024-01-31T20:08:34 IST" skipped="0">
  <testcase classname="batchExceutation.TS_08" name="launchMeesho" time="80.335"/>
  <system-out/>
</testsuite> <!-- batchExceutation.TS_08 -->
