<?xml version="1.0" encoding="UTF-8"?>
<!-- Generated by org.testng.reporters.JUnitReportReporter -->
<testsuite hostname="DESKTOP-8PDR25K" failures="0" tests="10" name="testNgMethod.InnocationCountMethod" time="0.056" errors="0" timestamp="2024-01-25T20:51:38 IST" skipped="0">
  <testcase classname="testNgMethod.InnocationCountMethod" name="register" time="0.001"/>
  <system-out>
user has login the appln  </system-out>
  <testcase classname="testNgMethod.InnocationCountMethod" name="account" time="0.020"/>
  <system-out>
user account  </system-out>
  <testcase classname="testNgMethod.InnocationCountMethod" name="product" time="0.002"/>
  <system-out>
user selected a product  </system-out>
  <testcase classname="testNgMethod.InnocationCountMethod" name="product" time="0.010"/>
  <system-out>
user selected a product  </system-out>
  <testcase classname="testNgMethod.InnocationCountMethod" name="product" time="0.001"/>
  <system-out>
user selected a product  </system-out>
  <testcase classname="testNgMethod.InnocationCountMethod" name="delect" time="0.004"/>
  <system-out>
user deleted the account  </system-out>
  <testcase classname="testNgMethod.InnocationCountMethod" name="register" time="0.003"/>
  <system-out>
user has login the appln  </system-out>
  <testcase classname="testNgMethod.InnocationCountMethod" name="account" time="0.006"/>
  <system-out>
user account  </system-out>
  <testcase classname="testNgMethod.InnocationCountMethod" name="register" time="0.006"/>
  <system-out>
user has login the appln  </system-out>
  <testcase classname="testNgMethod.InnocationCountMethod" name="product" time="0.003"/>
  <system-out>
user selected a product  </system-out>
</testsuite> <!-- testNgMethod.InnocationCountMethod -->
