<?xml version="1.0" encoding="UTF-8"?>
<!-- Generated by org.testng.reporters.JUnitReportReporter -->
<testsuite hostname="DESKTOP-8PDR25K" failures="0" tests="3" name="testNgMethod.EnabledMethod" time="0.020" errors="0" timestamp="2024-01-25T20:53:57 IST" skipped="1">
  <testcase classname="testNgMethod.EnabledMethod" name="delect" time="0.006"/>
  <system-out>
user deleted the account  </system-out>
  <testcase classname="testNgMethod.EnabledMethod" name="account" time="0.014"/>
  <system-out>
user account  </system-out>
  <testcase classname="testNgMethod.EnabledMethod" name="register">
    <skipped/>
  </testcase> <!-- register -->
  <system-out/>
</testsuite> <!-- testNgMethod.EnabledMethod -->
